Determining if the pthread_create exist failed with the following output:
Change Dir: /home/anton/Documents/catkin_ws/src/cmake-build-debug/CMakeFiles/CMakeTmp

Run Build Command:"/usr/bin/make" "cmTC_a110a/fast"
/usr/bin/make -f CMakeFiles/cmTC_a110a.dir/build.make CMakeFiles/cmTC_a110a.dir/build
make[1]: Entering directory '/home/anton/Documents/catkin_ws/src/cmake-build-debug/CMakeFiles/CMakeTmp'
Building C object CMakeFiles/cmTC_a110a.dir/CheckSymbolExists.c.o
/usr/bin/cc    -o CMakeFiles/cmTC_a110a.dir/CheckSymbolExists.c.o   -c /home/anton/Documents/catkin_ws/src/cmake-build-debug/CMakeFiles/CMakeTmp/CheckSymbolExists.c
Linking C executable cmTC_a110a
/home/anton/clion-2018.1.2/bin/cmake/bin/cmake -E cmake_link_script CMakeFiles/cmTC_a110a.dir/link.txt --verbose=1
/usr/bin/cc      -rdynamic CMakeFiles/cmTC_a110a.dir/CheckSymbolExists.c.o  -o cmTC_a110a 
CMakeFiles/cmTC_a110a.dir/CheckSymbolExists.c.o: In function `main':
CheckSymbolExists.c:(.text+0x16): undefined reference to `pthread_create'
collect2: error: ld returned 1 exit status
CMakeFiles/cmTC_a110a.dir/build.make:97: recipe for target 'cmTC_a110a' failed
make[1]: *** [cmTC_a110a] Error 1
make[1]: Leaving directory '/home/anton/Documents/catkin_ws/src/cmake-build-debug/CMakeFiles/CMakeTmp'
Makefile:126: recipe for target 'cmTC_a110a/fast' failed
make: *** [cmTC_a110a/fast] Error 2

File /home/anton/Documents/catkin_ws/src/cmake-build-debug/CMakeFiles/CMakeTmp/CheckSymbolExists.c:
/* */
#include <pthread.h>

int main(int argc, char** argv)
{
  (void)argv;
#ifndef pthread_create
  return ((int*)(&pthread_create))[argc];
#else
  (void)argc;
  return 0;
#endif
}

Determining if the function pthread_create exists in the pthreads failed with the following output:
Change Dir: /home/anton/Documents/catkin_ws/src/cmake-build-debug/CMakeFiles/CMakeTmp

Run Build Command:"/usr/bin/make" "cmTC_2d659/fast"
/usr/bin/make -f CMakeFiles/cmTC_2d659.dir/build.make CMakeFiles/cmTC_2d659.dir/build
make[1]: Entering directory '/home/anton/Documents/catkin_ws/src/cmake-build-debug/CMakeFiles/CMakeTmp'
Building C object CMakeFiles/cmTC_2d659.dir/CheckFunctionExists.c.o
/usr/bin/cc   -DCHECK_FUNCTION_EXISTS=pthread_create   -o CMakeFiles/cmTC_2d659.dir/CheckFunctionExists.c.o   -c /home/anton/clion-2018.1.2/bin/cmake/share/cmake-3.10/Modules/CheckFunctionExists.c
Linking C executable cmTC_2d659
/home/anton/clion-2018.1.2/bin/cmake/bin/cmake -E cmake_link_script CMakeFiles/cmTC_2d659.dir/link.txt --verbose=1
/usr/bin/cc  -DCHECK_FUNCTION_EXISTS=pthread_create    -rdynamic CMakeFiles/cmTC_2d659.dir/CheckFunctionExists.c.o  -o cmTC_2d659 -lpthreads 
/usr/bin/ld: cannot find -lpthreads
collect2: error: ld returned 1 exit status
CMakeFiles/cmTC_2d659.dir/build.make:97: recipe for target 'cmTC_2d659' failed
make[1]: *** [cmTC_2d659] Error 1
make[1]: Leaving directory '/home/anton/Documents/catkin_ws/src/cmake-build-debug/CMakeFiles/CMakeTmp'
Makefile:126: recipe for target 'cmTC_2d659/fast' failed
make: *** [cmTC_2d659/fast] Error 2


Determining if the Q_WS_WIN exist failed with the following output:
Change Dir: /home/anton/Documents/catkin_ws/src/cmake-build-debug/CMakeFiles/CMakeTmp

Run Build Command:"/usr/bin/make" "cmTC_b6638/fast"
/usr/bin/make -f CMakeFiles/cmTC_b6638.dir/build.make CMakeFiles/cmTC_b6638.dir/build
make[1]: Entering directory '/home/anton/Documents/catkin_ws/src/cmake-build-debug/CMakeFiles/CMakeTmp'
Building CXX object CMakeFiles/cmTC_b6638.dir/CheckSymbolExists.cxx.o
/usr/bin/c++   -I/usr/include/qt4   -o CMakeFiles/cmTC_b6638.dir/CheckSymbolExists.cxx.o -c /home/anton/Documents/catkin_ws/src/cmake-build-debug/CMakeFiles/CMakeTmp/CheckSymbolExists.cxx
/home/anton/Documents/catkin_ws/src/cmake-build-debug/CMakeFiles/CMakeTmp/CheckSymbolExists.cxx: In function ‘int main(int, char**)’:
/home/anton/Documents/catkin_ws/src/cmake-build-debug/CMakeFiles/CMakeTmp/CheckSymbolExists.cxx:8:19: error: ‘Q_WS_WIN’ was not declared in this scope
   return ((int*)(&Q_WS_WIN))[argc];
                   ^
CMakeFiles/cmTC_b6638.dir/build.make:65: recipe for target 'CMakeFiles/cmTC_b6638.dir/CheckSymbolExists.cxx.o' failed
make[1]: *** [CMakeFiles/cmTC_b6638.dir/CheckSymbolExists.cxx.o] Error 1
make[1]: Leaving directory '/home/anton/Documents/catkin_ws/src/cmake-build-debug/CMakeFiles/CMakeTmp'
Makefile:126: recipe for target 'cmTC_b6638/fast' failed
make: *** [cmTC_b6638/fast] Error 2

File /home/anton/Documents/catkin_ws/src/cmake-build-debug/CMakeFiles/CMakeTmp/CheckSymbolExists.cxx:
/* */
#include <QtCore/qglobal.h>

int main(int argc, char** argv)
{
  (void)argv;
#ifndef Q_WS_WIN
  return ((int*)(&Q_WS_WIN))[argc];
#else
  (void)argc;
  return 0;
#endif
}

Determining if the Q_WS_QWS exist failed with the following output:
Change Dir: /home/anton/Documents/catkin_ws/src/cmake-build-debug/CMakeFiles/CMakeTmp

Run Build Command:"/usr/bin/make" "cmTC_17f83/fast"
/usr/bin/make -f CMakeFiles/cmTC_17f83.dir/build.make CMakeFiles/cmTC_17f83.dir/build
make[1]: Entering directory '/home/anton/Documents/catkin_ws/src/cmake-build-debug/CMakeFiles/CMakeTmp'
Building CXX object CMakeFiles/cmTC_17f83.dir/CheckSymbolExists.cxx.o
/usr/bin/c++   -I/usr/include/qt4   -o CMakeFiles/cmTC_17f83.dir/CheckSymbolExists.cxx.o -c /home/anton/Documents/catkin_ws/src/cmake-build-debug/CMakeFiles/CMakeTmp/CheckSymbolExists.cxx
/home/anton/Documents/catkin_ws/src/cmake-build-debug/CMakeFiles/CMakeTmp/CheckSymbolExists.cxx: In function ‘int main(int, char**)’:
/home/anton/Documents/catkin_ws/src/cmake-build-debug/CMakeFiles/CMakeTmp/CheckSymbolExists.cxx:8:19: error: ‘Q_WS_QWS’ was not declared in this scope
   return ((int*)(&Q_WS_QWS))[argc];
                   ^
CMakeFiles/cmTC_17f83.dir/build.make:65: recipe for target 'CMakeFiles/cmTC_17f83.dir/CheckSymbolExists.cxx.o' failed
make[1]: *** [CMakeFiles/cmTC_17f83.dir/CheckSymbolExists.cxx.o] Error 1
make[1]: Leaving directory '/home/anton/Documents/catkin_ws/src/cmake-build-debug/CMakeFiles/CMakeTmp'
Makefile:126: recipe for target 'cmTC_17f83/fast' failed
make: *** [cmTC_17f83/fast] Error 2

File /home/anton/Documents/catkin_ws/src/cmake-build-debug/CMakeFiles/CMakeTmp/CheckSymbolExists.cxx:
/* */
#include <QtCore/qglobal.h>

int main(int argc, char** argv)
{
  (void)argv;
#ifndef Q_WS_QWS
  return ((int*)(&Q_WS_QWS))[argc];
#else
  (void)argc;
  return 0;
#endif
}

Determining if the Q_WS_MAC exist failed with the following output:
Change Dir: /home/anton/Documents/catkin_ws/src/cmake-build-debug/CMakeFiles/CMakeTmp

Run Build Command:"/usr/bin/make" "cmTC_0006c/fast"
/usr/bin/make -f CMakeFiles/cmTC_0006c.dir/build.make CMakeFiles/cmTC_0006c.dir/build
make[1]: Entering directory '/home/anton/Documents/catkin_ws/src/cmake-build-debug/CMakeFiles/CMakeTmp'
Building CXX object CMakeFiles/cmTC_0006c.dir/CheckSymbolExists.cxx.o
/usr/bin/c++   -I/usr/include/qt4   -o CMakeFiles/cmTC_0006c.dir/CheckSymbolExists.cxx.o -c /home/anton/Documents/catkin_ws/src/cmake-build-debug/CMakeFiles/CMakeTmp/CheckSymbolExists.cxx
/home/anton/Documents/catkin_ws/src/cmake-build-debug/CMakeFiles/CMakeTmp/CheckSymbolExists.cxx: In function ‘int main(int, char**)’:
/home/anton/Documents/catkin_ws/src/cmake-build-debug/CMakeFiles/CMakeTmp/CheckSymbolExists.cxx:8:19: error: ‘Q_WS_MAC’ was not declared in this scope
   return ((int*)(&Q_WS_MAC))[argc];
                   ^
CMakeFiles/cmTC_0006c.dir/build.make:65: recipe for target 'CMakeFiles/cmTC_0006c.dir/CheckSymbolExists.cxx.o' failed
make[1]: *** [CMakeFiles/cmTC_0006c.dir/CheckSymbolExists.cxx.o] Error 1
make[1]: Leaving directory '/home/anton/Documents/catkin_ws/src/cmake-build-debug/CMakeFiles/CMakeTmp'
Makefile:126: recipe for target 'cmTC_0006c/fast' failed
make: *** [cmTC_0006c/fast] Error 2

File /home/anton/Documents/catkin_ws/src/cmake-build-debug/CMakeFiles/CMakeTmp/CheckSymbolExists.cxx:
/* */
#include <QtCore/qglobal.h>

int main(int argc, char** argv)
{
  (void)argv;
#ifndef Q_WS_MAC
  return ((int*)(&Q_WS_MAC))[argc];
#else
  (void)argc;
  return 0;
#endif
}

